<?xml version="1.0" encoding="utf-8"?><testsuites name="pytest tests"><testsuite name="pytest" errors="0" failures="0" skipped="0" tests="6" time="1.092" timestamp="2026-07-05T21:10:24.876198+00:00" hostname="agent-env-5515cfbf-8be2-467a-884d-516becd2788f"><testcase classname="tests.backend_test.TestContact" name="test_contact_ok" time="0.195" /><testcase classname="tests.backend_test.TestBookings" name="test_create_and_reflect_in_availability_and_list" time="0.413" /><testcase classname="tests.backend_test.TestContact" name="test_contact_invalid_email" time="0.042" /><testcase classname="tests.backend_test.TestAvailability" name="test_availability_returns_11_slots" time="0.048" /><testcase classname="tests.backend_test.TestBookings" name="test_invalid_email_rejected" time="0.046" /><testcase classname="tests.backend_test.TestHealth" name="test_root" time="0.051" /></testsuite></testsuites>