<?xml version="1.0" encoding="utf-8"?><testsuites name="pytest tests"><testsuite name="pytest" errors="0" failures="1" skipped="0" tests="8" time="2.963" timestamp="2026-07-05T21:55:17.840746+00:00" hostname="agent-env-5515cfbf-8be2-467a-884d-516becd2788f"><testcase classname="tests.test_payments.TestRegression" name="test_root" time="0.217" /><testcase classname="tests.test_payments.TestCheckoutCreation" name="test_checkout_returns_url_and_session_id" time="1.170" /><testcase classname="tests.test_payments.TestRegression" name="test_availability_and_direct_booking" time="0.587"><failure message="AssertionError: assert (False is False and 12 == 11)&#10; +  where 12 = len([{'time': '09:00 AM', 'available': True}, {'time': '10:00 AM', 'available': True}, {'time': '11:00 AM', 'available': True}, {'time': '12:00 PM', 'available': True}, {'time': '01:00 PM', 'available': True}, {'time': '02:00 PM', 'available': True}, ...])">tests/test_payments.py:137: in test_availability_and_direct_booking
    assert av["closed"] is False and len(av["slots"]) == 11
E   AssertionError: assert (False is False and 12 == 11)
E    +  where 12 = len([{'time': '09:00 AM', 'available': True}, {'time': '10:00 AM', 'available': True}, {'time': '11:00 AM', 'available': True}, {'time': '12:00 PM', 'available': True}, {'time': '01:00 PM', 'available': True}, {'time': '02:00 PM', 'available': True}, ...])</failure></testcase><testcase classname="tests.test_payments.TestRegression" name="test_contact_ok" time="0.093" /><testcase classname="tests.test_payments.TestCheckoutStatus" name="test_status_multiple_polls_no_duplicate_bookings" time="1.428" /><testcase classname="tests.test_payments.TestCheckoutCreation" name="test_checkout_tuesday_rejected" time="0.326" /><testcase classname="tests.test_payments.TestCheckoutCreation" name="test_checkout_conflict_when_slot_taken" time="0.399" /><testcase classname="tests.test_payments.TestCheckoutCreation" name="test_checkout_invalid_time_slot" time="0.173" /></testsuite></testsuites>