<?xml version="1.0" encoding="utf-8"?><testsuites name="pytest tests"><testsuite name="pytest" errors="0" failures="0" skipped="0" tests="14" time="3.359" timestamp="2026-07-05T21:57:26.337259+00:00" hostname="agent-env-5515cfbf-8be2-467a-884d-516becd2788f"><testcase classname="tests.test_payments.TestRegression" name="test_root" time="0.651" /><testcase classname="tests.test_payments.TestCheckoutCreation" name="test_checkout_returns_url_and_session_id" time="1.010" /><testcase classname="tests.test_payments.TestRegression" name="test_availability_and_direct_booking" time="0.091" /><testcase classname="tests.test_payments.TestRegression" name="test_contact_ok" time="0.268" /><testcase classname="tests.test_payments.TestCheckoutCreation" name="test_checkout_tuesday_rejected" time="0.043" /><testcase classname="tests.backend_test.TestBookings" name="test_create_and_reflect_in_availability_and_list" time="0.355" /><testcase classname="tests.test_payments.TestCheckoutCreation" name="test_checkout_conflict_when_slot_taken" time="0.089" /><testcase classname="tests.test_payments.TestCheckoutCreation" name="test_checkout_invalid_time_slot" time="0.084" /><testcase classname="tests.backend_test.TestHealth" name="test_root" time="0.104" /><testcase classname="tests.backend_test.TestAvailability" name="test_availability_returns_11_slots" time="0.091" /><testcase classname="tests.backend_test.TestBookings" name="test_invalid_email_rejected" time="0.045" /><testcase classname="tests.backend_test.TestContact" name="test_contact_ok" time="0.086" /><testcase classname="tests.test_payments.TestCheckoutStatus" name="test_status_multiple_polls_no_duplicate_bookings" time="1.387" /><testcase classname="tests.backend_test.TestContact" name="test_contact_invalid_email" time="0.399" /></testsuite></testsuites>